mars-27 15:49:02.330 [main] DEBUG nextflow.cli.Launcher - $> nextflow run Lipinski-B/DE-nf -profile docker -with-tower -resume --input /mnt/DE/data/test/ --GTF /home/boris/Bureau/DE/projetS2/data/GCF_006496715.1_Aalbo_primary.1_genomic.gtf --STAR_Index /home/boris/Bureau/DE/projetS2/data/STARIndex_last --output /mnt/DE/result/ --thread 11 --R on --metadata /home/boris/Bureau/DE/DE-nf/data/Metadata.xls
mars-27 15:49:02.391 [main] INFO  nextflow.cli.CmdRun - N E X T F L O W  ~  version 20.10.0
mars-27 15:49:02.908 [main] DEBUG nextflow.scm.AssetManager - Git config: /home/boris/.nextflow/assets/Lipinski-B/DE-nf/.git/config; branch: main; remote: origin; url: https://github.com/Lipinski-B/DE-nf.git
mars-27 15:49:02.918 [main] DEBUG nextflow.scm.AssetManager - Git config: /home/boris/.nextflow/assets/Lipinski-B/DE-nf/.git/config; branch: main; remote: origin; url: https://github.com/Lipinski-B/DE-nf.git
mars-27 15:49:02.983 [main] INFO  nextflow.cli.CmdRun - Launching `Lipinski-B/DE-nf` [nauseous_meninsky] - revision: 4abcc96e9b [main]
mars-27 15:49:03.421 [main] DEBUG nextflow.config.ConfigBuilder - Found config base: /home/boris/.nextflow/assets/Lipinski-B/DE-nf/nextflow.config
mars-27 15:49:03.421 [main] DEBUG nextflow.config.ConfigBuilder - Found config local: /home/boris/Bureau/DE/DE-nf/nextflow.config
mars-27 15:49:03.422 [main] DEBUG nextflow.config.ConfigBuilder - Parsing config file: /home/boris/.nextflow/assets/Lipinski-B/DE-nf/nextflow.config
mars-27 15:49:03.422 [main] DEBUG nextflow.config.ConfigBuilder - Parsing config file: /home/boris/Bureau/DE/DE-nf/nextflow.config
mars-27 15:49:03.428 [main] DEBUG nextflow.config.ConfigBuilder - Applying config profile: `docker`
mars-27 15:49:03.488 [main] DEBUG nextflow.config.ConfigBuilder - Applying config profile: `docker`
mars-27 15:49:03.493 [main] DEBUG nextflow.config.ConfigBuilder - Available config profiles: [conda, singularity, docker]
mars-27 15:49:03.499 [main] WARN  nextflow.config.ConfigBuilder - It appears you have never run this project before -- Option `-resume` is ignored
mars-27 15:49:03.537 [main] DEBUG nextflow.Session - Session uuid: 34d6e8fa-e8f9-40a8-9a41-feb384613a87
mars-27 15:49:03.537 [main] DEBUG nextflow.Session - Run name: nauseous_meninsky
mars-27 15:49:03.537 [main] DEBUG nextflow.Session - Executor pool size: 12
mars-27 15:49:03.544 [main] DEBUG nextflow.config.ConfigBuilder - Found config base: /home/boris/.nextflow/assets/Lipinski-B/DE-nf/nextflow.config
mars-27 15:49:03.544 [main] DEBUG nextflow.config.ConfigBuilder - Found config local: /home/boris/Bureau/DE/DE-nf/nextflow.config
mars-27 15:49:03.544 [main] DEBUG nextflow.config.ConfigBuilder - Parsing config file: /home/boris/.nextflow/assets/Lipinski-B/DE-nf/nextflow.config
mars-27 15:49:03.544 [main] DEBUG nextflow.config.ConfigBuilder - Parsing config file: /home/boris/Bureau/DE/DE-nf/nextflow.config
mars-27 15:49:03.545 [main] DEBUG nextflow.config.ConfigBuilder - Applying config profile: `docker`
mars-27 15:49:03.601 [main] DEBUG nextflow.config.ConfigBuilder - Applying config profile: `docker`
mars-27 15:49:03.604 [main] DEBUG nextflow.config.ConfigBuilder - Available config profiles: [conda, singularity, docker]
mars-27 15:49:03.605 [main] WARN  nextflow.config.ConfigBuilder - It appears you have never run this project before -- Option `-resume` is ignored
mars-27 15:49:03.623 [main] DEBUG nextflow.cli.CmdRun - 
  Version: 20.10.0 build 5430
  Created: 01-11-2020 15:14 UTC (16:14 CEST)
  System: Linux 5.8.0-48-generic
  Runtime: Groovy 3.0.5 on OpenJDK 64-Bit Server VM 14.0.2+12-Ubuntu-120.04
  Encoding: UTF-8 (UTF-8)
  Process: 13750@boris-Precision-7530 [127.0.1.1]
  CPUs: 12 - Mem: 31.1 GB (20.1 GB) - Swap: 2 GB (2 GB)
mars-27 15:49:03.638 [main] DEBUG nextflow.Session - Work-dir: /home/boris/Bureau/DE/DE-nf/work [ext2/ext3]
mars-27 15:49:03.671 [main] DEBUG nextflow.Session - Observer factory: TowerFactory
mars-27 15:49:03.688 [main] DEBUG nextflow.Session - Observer factory: DefaultObserverFactory
mars-27 15:49:03.805 [main] DEBUG nextflow.Session - Session start invoked
mars-27 15:49:03.810 [main] DEBUG io.seqera.tower.plugin.TowerClient - Creating Tower observer -- endpoint=https://api.tower.nf; requestInterval=1s; aliveInterval=1m; maxRetries=5; backOffBase=3; backOffDelay=250
mars-27 15:49:04.065 [main] DEBUG nextflow.trace.TraceFileObserver - Flow starting -- trace file: /home/boris/Bureau/DE/DE-nf/nf-DE_info/DE_trace.txt
mars-27 15:49:04.431 [SIGINT handler] DEBUG nextflow.Session - Session aborted -- Cause: SIGINT
mars-27 15:49:04.528 [main] DEBUG nextflow.script.ScriptRunner - > Launching execution
mars-27 15:49:04.534 [main] DEBUG nextflow.Session - Workflow process names [dsl1]: Intersection, DEA, MultiQC, Mapping, Merge_result
mars-27 15:49:04.538 [main] INFO  nextflow.Nextflow - 
mars-27 15:49:04.539 [main] INFO  nextflow.Nextflow - --------------------------------------------------------------------
mars-27 15:49:04.539 [main] INFO  nextflow.Nextflow -   DE 1.0 : Pipeline RNAseq for the Differential Expression analysis.
mars-27 15:49:04.539 [main] INFO  nextflow.Nextflow - --------------------------------------------------------------------
mars-27 15:49:04.539 [main] INFO  nextflow.Nextflow - help:                               null
mars-27 15:49:04.587 [PathVisitor-1] DEBUG nextflow.file.PathVisitor - files for syntax: glob; folder: /mnt/DE/data/test/; pattern: *; options: [:]
mars-27 15:49:04.624 [main] DEBUG nextflow.executor.ExecutorFactory - << taskConfig executor: null
mars-27 15:49:04.624 [main] DEBUG nextflow.executor.ExecutorFactory - >> processorType: 'local'
mars-27 15:49:04.627 [main] DEBUG nextflow.executor.Executor - [warm up] executor > local
mars-27 15:49:04.631 [main] DEBUG n.processor.LocalPollingMonitor - Creating local task monitor for executor 'local' > cpus=12; memory=31.1 GB; capacity=12; pollInterval=100ms; dumpInterval=5m
mars-27 15:49:04.683 [PathVisitor-1] DEBUG nextflow.file.PathVisitor - files for syntax: glob; folder: /mnt/DE/data/test/; pattern: *; options: [:]
mars-27 15:49:04.687 [main] DEBUG nextflow.executor.ExecutorFactory - << taskConfig executor: null
mars-27 15:49:04.687 [main] DEBUG nextflow.executor.ExecutorFactory - >> processorType: 'local'
mars-27 15:49:04.691 [main] DEBUG nextflow.executor.ExecutorFactory - << taskConfig executor: null
mars-27 15:49:04.691 [main] DEBUG nextflow.executor.ExecutorFactory - >> processorType: 'local'
mars-27 15:49:04.696 [main] DEBUG nextflow.executor.ExecutorFactory - << taskConfig executor: null
mars-27 15:49:04.696 [main] DEBUG nextflow.executor.ExecutorFactory - >> processorType: 'local'
mars-27 15:49:04.703 [main] DEBUG nextflow.executor.ExecutorFactory - << taskConfig executor: null
mars-27 15:49:04.703 [main] DEBUG nextflow.executor.ExecutorFactory - >> processorType: 'local'
mars-27 15:49:04.774 [SIGINT handler] INFO  nextflow.Session - Adieu
